<?xml version="1.0" encoding="UTF-8"?>
<!-- Generated by org.testng.reporters.JUnitReportReporter -->
<testsuite hostname="DESKTOP-PK54TG6" failures="0" tests="1" name="pom.tests.LoginTest" time="15.546" errors="0" timestamp="24 Nov 2023 08:59:02 GMT" skipped="0">
  <testcase classname="pom.tests.LoginTest" name="loginTest" time="15.546"/>
</testsuite> <!-- pom.tests.LoginTest -->
